mode: set
/Users/germanfilipp/Projects/go/src/github.com/germanfilipp/transportation/config/config.go:20.29,23.16 3 1
/Users/germanfilipp/Projects/go/src/github.com/germanfilipp/transportation/config/config.go:26.2,26.22 1 1
/Users/germanfilipp/Projects/go/src/github.com/germanfilipp/transportation/config/config.go:23.16,24.13 1 0
/Users/germanfilipp/Projects/go/src/github.com/germanfilipp/transportation/config/config.go:29.27,31.19 2 1
/Users/germanfilipp/Projects/go/src/github.com/germanfilipp/transportation/config/config.go:34.2,37.17 4 1
/Users/germanfilipp/Projects/go/src/github.com/germanfilipp/transportation/config/config.go:31.19,33.3 1 1
/Users/germanfilipp/Projects/go/src/github.com/germanfilipp/transportation/services/solver/degeneracy.go:6.54,8.30 2 1
/Users/germanfilipp/Projects/go/src/github.com/germanfilipp/transportation/services/solver/degeneracy.go:15.2,15.41 1 1
/Users/germanfilipp/Projects/go/src/github.com/germanfilipp/transportation/services/solver/degeneracy.go:18.2,18.14 1 1
/Users/germanfilipp/Projects/go/src/github.com/germanfilipp/transportation/services/solver/degeneracy.go:8.30,9.24 1 1
/Users/germanfilipp/Projects/go/src/github.com/germanfilipp/transportation/services/solver/degeneracy.go:9.24,10.21 1 1
/Users/germanfilipp/Projects/go/src/github.com/germanfilipp/transportation/services/solver/degeneracy.go:10.21,12.5 1 1
/Users/germanfilipp/Projects/go/src/github.com/germanfilipp/transportation/services/solver/degeneracy.go:15.41,17.3 1 0
/Users/germanfilipp/Projects/go/src/github.com/germanfilipp/transportation/services/solver/degeneracy.go:22.42,23.35 1 0
/Users/germanfilipp/Projects/go/src/github.com/germanfilipp/transportation/services/solver/degeneracy.go:23.35,24.36 1 0
/Users/germanfilipp/Projects/go/src/github.com/germanfilipp/transportation/services/solver/degeneracy.go:24.36,25.34 1 0
/Users/germanfilipp/Projects/go/src/github.com/germanfilipp/transportation/services/solver/degeneracy.go:25.34,27.48 2 0
/Users/germanfilipp/Projects/go/src/github.com/germanfilipp/transportation/services/solver/degeneracy.go:27.48,30.6 2 0
/Users/germanfilipp/Projects/go/src/github.com/germanfilipp/transportation/services/solver/helper.go:10.48,13.32 3 1
/Users/germanfilipp/Projects/go/src/github.com/germanfilipp/transportation/services/solver/helper.go:21.2,23.16 3 1
/Users/germanfilipp/Projects/go/src/github.com/germanfilipp/transportation/services/solver/helper.go:26.2,26.13 1 1
/Users/germanfilipp/Projects/go/src/github.com/germanfilipp/transportation/services/solver/helper.go:13.32,15.26 2 1
/Users/germanfilipp/Projects/go/src/github.com/germanfilipp/transportation/services/solver/helper.go:19.3,19.30 1 1
/Users/germanfilipp/Projects/go/src/github.com/germanfilipp/transportation/services/solver/helper.go:15.26,18.4 2 1
/Users/germanfilipp/Projects/go/src/github.com/germanfilipp/transportation/services/solver/helper.go:23.16,25.3 1 0
/Users/germanfilipp/Projects/go/src/github.com/germanfilipp/transportation/services/solver/solver.go:45.79,46.71 1 1
/Users/germanfilipp/Projects/go/src/github.com/germanfilipp/transportation/services/solver/solver.go:55.2,67.3 2 1
/Users/germanfilipp/Projects/go/src/github.com/germanfilipp/transportation/services/solver/solver.go:46.71,48.27 2 1
/Users/germanfilipp/Projects/go/src/github.com/germanfilipp/transportation/services/solver/solver.go:48.27,50.4 1 1
/Users/germanfilipp/Projects/go/src/github.com/germanfilipp/transportation/services/solver/solver.go:51.8,51.21 1 1
/Users/germanfilipp/Projects/go/src/github.com/germanfilipp/transportation/services/solver/solver.go:51.21,54.3 2 1
/Users/germanfilipp/Projects/go/src/github.com/germanfilipp/transportation/services/solver/solver.go:70.46,72.28 2 1
/Users/germanfilipp/Projects/go/src/github.com/germanfilipp/transportation/services/solver/solver.go:75.2,75.15 1 1
/Users/germanfilipp/Projects/go/src/github.com/germanfilipp/transportation/services/solver/solver.go:72.28,74.3 1 1
/Users/germanfilipp/Projects/go/src/github.com/germanfilipp/transportation/services/solver/solver.go:79.52,80.30 1 1
/Users/germanfilipp/Projects/go/src/github.com/germanfilipp/transportation/services/solver/solver.go:85.2,87.36 3 1
/Users/germanfilipp/Projects/go/src/github.com/germanfilipp/transportation/services/solver/solver.go:80.30,83.3 2 0
/Users/germanfilipp/Projects/go/src/github.com/germanfilipp/transportation/services/solver/solver.go:87.36,96.18 4 1
/Users/germanfilipp/Projects/go/src/github.com/germanfilipp/transportation/services/solver/solver.go:96.18,98.27 2 1
/Users/germanfilipp/Projects/go/src/github.com/germanfilipp/transportation/services/solver/solver.go:110.4,110.31 1 1
/Users/germanfilipp/Projects/go/src/github.com/germanfilipp/transportation/services/solver/solver.go:98.27,99.13 1 1
/Users/germanfilipp/Projects/go/src/github.com/germanfilipp/transportation/services/solver/solver.go:104.5,105.24 2 1
/Users/germanfilipp/Projects/go/src/github.com/germanfilipp/transportation/services/solver/solver.go:108.5,108.17 1 1
/Users/germanfilipp/Projects/go/src/github.com/germanfilipp/transportation/services/solver/solver.go:99.13,101.6 1 1
/Users/germanfilipp/Projects/go/src/github.com/germanfilipp/transportation/services/solver/solver.go:101.11,103.6 1 1
/Users/germanfilipp/Projects/go/src/github.com/germanfilipp/transportation/services/solver/solver.go:105.24,107.6 1 1
/Users/germanfilipp/Projects/go/src/github.com/germanfilipp/transportation/services/solver/solver.go:115.74,121.25 6 1
/Users/germanfilipp/Projects/go/src/github.com/germanfilipp/transportation/services/solver/solver.go:133.2,133.31 1 1
/Users/germanfilipp/Projects/go/src/github.com/germanfilipp/transportation/services/solver/solver.go:121.25,122.11 1 1
/Users/germanfilipp/Projects/go/src/github.com/germanfilipp/transportation/services/solver/solver.go:131.3,131.15 1 1
/Users/germanfilipp/Projects/go/src/github.com/germanfilipp/transportation/services/solver/solver.go:122.11,124.4 1 1
/Users/germanfilipp/Projects/go/src/github.com/germanfilipp/transportation/services/solver/solver.go:124.9,126.35 2 1
/Users/germanfilipp/Projects/go/src/github.com/germanfilipp/transportation/services/solver/solver.go:126.35,129.5 2 1
/Users/germanfilipp/Projects/go/src/github.com/germanfilipp/transportation/services/solver/solver.go:136.54,139.31 3 1
/Users/germanfilipp/Projects/go/src/github.com/germanfilipp/transportation/services/solver/solver.go:150.2,150.26 1 1
/Users/germanfilipp/Projects/go/src/github.com/germanfilipp/transportation/services/solver/solver.go:154.2,154.20 1 1
/Users/germanfilipp/Projects/go/src/github.com/germanfilipp/transportation/services/solver/solver.go:139.31,140.26 1 1
/Users/germanfilipp/Projects/go/src/github.com/germanfilipp/transportation/services/solver/solver.go:140.26,141.71 1 1
/Users/germanfilipp/Projects/go/src/github.com/germanfilipp/transportation/services/solver/solver.go:145.4,145.38 1 1
/Users/germanfilipp/Projects/go/src/github.com/germanfilipp/transportation/services/solver/solver.go:141.71,142.13 1 1
/Users/germanfilipp/Projects/go/src/github.com/germanfilipp/transportation/services/solver/solver.go:145.38,147.5 1 1
/Users/germanfilipp/Projects/go/src/github.com/germanfilipp/transportation/services/solver/solver.go:150.26,151.46 1 1
/Users/germanfilipp/Projects/go/src/github.com/germanfilipp/transportation/services/solver/solver.go:152.3,152.23 1 1
/Users/germanfilipp/Projects/go/src/github.com/germanfilipp/transportation/services/solver/solver.go:151.46,151.98 1 0
/Users/germanfilipp/Projects/go/src/github.com/germanfilipp/transportation/services/solver/solver.go:158.71,162.45 4 1
/Users/germanfilipp/Projects/go/src/github.com/germanfilipp/transportation/services/solver/solver.go:180.2,180.13 1 1
/Users/germanfilipp/Projects/go/src/github.com/germanfilipp/transportation/services/solver/solver.go:162.45,163.33 1 1
/Users/germanfilipp/Projects/go/src/github.com/germanfilipp/transportation/services/solver/solver.go:163.33,164.28 1 1
/Users/germanfilipp/Projects/go/src/github.com/germanfilipp/transportation/services/solver/solver.go:164.28,165.23 1 1
/Users/germanfilipp/Projects/go/src/github.com/germanfilipp/transportation/services/solver/solver.go:165.23,166.48 1 1
/Users/germanfilipp/Projects/go/src/github.com/germanfilipp/transportation/services/solver/solver.go:170.6,170.26 1 1
/Users/germanfilipp/Projects/go/src/github.com/germanfilipp/transportation/services/solver/solver.go:173.6,173.26 1 1
/Users/germanfilipp/Projects/go/src/github.com/germanfilipp/transportation/services/solver/solver.go:166.48,167.15 1 1
/Users/germanfilipp/Projects/go/src/github.com/germanfilipp/transportation/services/solver/solver.go:170.26,172.7 1 1
/Users/germanfilipp/Projects/go/src/github.com/germanfilipp/transportation/services/solver/solver.go:173.26,175.7 1 1
/Users/germanfilipp/Projects/go/src/github.com/germanfilipp/transportation/services/solver/solver.go:183.41,184.22 1 1
/Users/germanfilipp/Projects/go/src/github.com/germanfilipp/transportation/services/solver/solver.go:189.2,189.14 1 1
/Users/germanfilipp/Projects/go/src/github.com/germanfilipp/transportation/services/solver/solver.go:184.22,185.21 1 1
/Users/germanfilipp/Projects/go/src/github.com/germanfilipp/transportation/services/solver/solver.go:185.21,187.4 1 1
/Users/germanfilipp/Projects/go/src/github.com/germanfilipp/transportation/services/solver/solver.go:192.48,193.29 1 1
/Users/germanfilipp/Projects/go/src/github.com/germanfilipp/transportation/services/solver/solver.go:200.2,200.17 1 0
/Users/germanfilipp/Projects/go/src/github.com/germanfilipp/transportation/services/solver/solver.go:193.29,194.23 1 1
/Users/germanfilipp/Projects/go/src/github.com/germanfilipp/transportation/services/solver/solver.go:194.23,195.21 1 1
/Users/germanfilipp/Projects/go/src/github.com/germanfilipp/transportation/services/solver/solver.go:195.21,197.5 1 1
/Users/germanfilipp/Projects/go/src/github.com/germanfilipp/transportation/services/solver/solver.go:203.63,207.6 4 1
/Users/germanfilipp/Projects/go/src/github.com/germanfilipp/transportation/services/solver/solver.go:221.2,223.35 3 1
/Users/germanfilipp/Projects/go/src/github.com/germanfilipp/transportation/services/solver/solver.go:227.2,227.15 1 1
/Users/germanfilipp/Projects/go/src/github.com/germanfilipp/transportation/services/solver/solver.go:207.6,209.47 2 1
/Users/germanfilipp/Projects/go/src/github.com/germanfilipp/transportation/services/solver/solver.go:217.3,217.20 1 1
/Users/germanfilipp/Projects/go/src/github.com/germanfilipp/transportation/services/solver/solver.go:209.47,212.50 3 1
/Users/germanfilipp/Projects/go/src/github.com/germanfilipp/transportation/services/solver/solver.go:212.50,215.5 2 1
/Users/germanfilipp/Projects/go/src/github.com/germanfilipp/transportation/services/solver/solver.go:217.20,218.9 1 1
/Users/germanfilipp/Projects/go/src/github.com/germanfilipp/transportation/services/solver/solver.go:223.35,226.3 2 1
/Users/germanfilipp/Projects/go/src/github.com/germanfilipp/transportation/services/solver/solver.go:230.79,232.47 2 1
/Users/germanfilipp/Projects/go/src/github.com/germanfilipp/transportation/services/solver/solver.go:245.2,245.13 1 1
/Users/germanfilipp/Projects/go/src/github.com/germanfilipp/transportation/services/solver/solver.go:232.47,234.13 2 1
/Users/germanfilipp/Projects/go/src/github.com/germanfilipp/transportation/services/solver/solver.go:234.13,235.59 1 1
/Users/germanfilipp/Projects/go/src/github.com/germanfilipp/transportation/services/solver/solver.go:240.4,240.50 1 1
/Users/germanfilipp/Projects/go/src/github.com/germanfilipp/transportation/services/solver/solver.go:235.59,237.5 1 1
/Users/germanfilipp/Projects/go/src/github.com/germanfilipp/transportation/services/solver/solver.go:237.10,237.72 1 1
/Users/germanfilipp/Projects/go/src/github.com/germanfilipp/transportation/services/solver/solver.go:237.72,239.5 1 1
/Users/germanfilipp/Projects/go/src/github.com/germanfilipp/transportation/services/solver/solver.go:240.50,241.10 1 1
/Users/germanfilipp/Projects/go/src/github.com/germanfilipp/transportation/services/solver/solver.go:248.52,250.29 2 1
/Users/germanfilipp/Projects/go/src/github.com/germanfilipp/transportation/services/solver/solver.go:257.2,257.10 1 1
/Users/germanfilipp/Projects/go/src/github.com/germanfilipp/transportation/services/solver/solver.go:250.29,251.23 1 1
/Users/germanfilipp/Projects/go/src/github.com/germanfilipp/transportation/services/solver/solver.go:251.23,252.21 1 1
/Users/germanfilipp/Projects/go/src/github.com/germanfilipp/transportation/services/solver/solver.go:252.21,254.5 1 1
/Users/germanfilipp/Projects/go/src/github.com/germanfilipp/transportation/services/solver/vogel.go:15.47,17.22 2 1
/Users/germanfilipp/Projects/go/src/github.com/germanfilipp/transportation/services/solver/vogel.go:17.22,22.32 5 1
/Users/germanfilipp/Projects/go/src/github.com/germanfilipp/transportation/services/solver/vogel.go:26.3,37.29 6 1
/Users/germanfilipp/Projects/go/src/github.com/germanfilipp/transportation/services/solver/vogel.go:22.32,24.4 1 1
/Users/germanfilipp/Projects/go/src/github.com/germanfilipp/transportation/services/solver/vogel.go:41.54,44.32 3 1
/Users/germanfilipp/Projects/go/src/github.com/germanfilipp/transportation/services/solver/vogel.go:47.2,47.8 1 1
/Users/germanfilipp/Projects/go/src/github.com/germanfilipp/transportation/services/solver/vogel.go:44.32,46.3 1 1
/Users/germanfilipp/Projects/go/src/github.com/germanfilipp/transportation/services/solver/vogel.go:50.69,52.26 2 1
/Users/germanfilipp/Projects/go/src/github.com/germanfilipp/transportation/services/solver/vogel.go:62.2,62.47 1 1
/Users/germanfilipp/Projects/go/src/github.com/germanfilipp/transportation/services/solver/vogel.go:63.2,63.24 1 1
/Users/germanfilipp/Projects/go/src/github.com/germanfilipp/transportation/services/solver/vogel.go:52.26,53.59 1 1
/Users/germanfilipp/Projects/go/src/github.com/germanfilipp/transportation/services/solver/vogel.go:56.3,56.12 1 1
/Users/germanfilipp/Projects/go/src/github.com/germanfilipp/transportation/services/solver/vogel.go:53.59,54.12 1 1
/Users/germanfilipp/Projects/go/src/github.com/germanfilipp/transportation/services/solver/vogel.go:56.12,58.4 1 1
/Users/germanfilipp/Projects/go/src/github.com/germanfilipp/transportation/services/solver/vogel.go:58.9,60.4 1 1
/Users/germanfilipp/Projects/go/src/github.com/germanfilipp/transportation/services/solver/vogel.go:62.47,62.101 1 1
/Users/germanfilipp/Projects/go/src/github.com/germanfilipp/transportation/services/solver/vogel.go:66.55,69.35 3 1
/Users/germanfilipp/Projects/go/src/github.com/germanfilipp/transportation/services/solver/vogel.go:81.2,81.68 1 1
/Users/germanfilipp/Projects/go/src/github.com/germanfilipp/transportation/services/solver/vogel.go:69.35,70.23 1 1
/Users/germanfilipp/Projects/go/src/github.com/germanfilipp/transportation/services/solver/vogel.go:73.3,74.20 2 1
/Users/germanfilipp/Projects/go/src/github.com/germanfilipp/transportation/services/solver/vogel.go:77.3,77.19 1 1
/Users/germanfilipp/Projects/go/src/github.com/germanfilipp/transportation/services/solver/vogel.go:70.23,71.12 1 1
/Users/germanfilipp/Projects/go/src/github.com/germanfilipp/transportation/services/solver/vogel.go:74.20,76.4 1 1
/Users/germanfilipp/Projects/go/src/github.com/germanfilipp/transportation/services/solver/vogel.go:77.19,79.4 1 1
/Users/germanfilipp/Projects/go/src/github.com/germanfilipp/transportation/services/solver/vogel.go:84.58,87.35 3 1
/Users/germanfilipp/Projects/go/src/github.com/germanfilipp/transportation/services/solver/vogel.go:99.2,99.68 1 1
/Users/germanfilipp/Projects/go/src/github.com/germanfilipp/transportation/services/solver/vogel.go:87.35,88.20 1 1
/Users/germanfilipp/Projects/go/src/github.com/germanfilipp/transportation/services/solver/vogel.go:91.3,92.20 2 1
/Users/germanfilipp/Projects/go/src/github.com/germanfilipp/transportation/services/solver/vogel.go:95.3,95.19 1 1
/Users/germanfilipp/Projects/go/src/github.com/germanfilipp/transportation/services/solver/vogel.go:88.20,89.12 1 1
/Users/germanfilipp/Projects/go/src/github.com/germanfilipp/transportation/services/solver/vogel.go:92.20,94.4 1 1
/Users/germanfilipp/Projects/go/src/github.com/germanfilipp/transportation/services/solver/vogel.go:95.19,97.4 1 1
/Users/germanfilipp/Projects/go/src/github.com/germanfilipp/transportation/utils/utils.go:4.37,5.26 1 1
/Users/germanfilipp/Projects/go/src/github.com/germanfilipp/transportation/utils/utils.go:8.2,8.8 1 1
/Users/germanfilipp/Projects/go/src/github.com/germanfilipp/transportation/utils/utils.go:5.26,7.3 1 1
/Users/germanfilipp/Projects/go/src/github.com/germanfilipp/transportation/utils/utils.go:12.33,14.24 2 1
/Users/germanfilipp/Projects/go/src/github.com/germanfilipp/transportation/utils/utils.go:17.2,17.12 1 1
/Users/germanfilipp/Projects/go/src/github.com/germanfilipp/transportation/utils/utils.go:14.24,16.3 1 1
/Users/germanfilipp/Projects/go/src/github.com/germanfilipp/transportation/controllers/transportation/transportation.go:20.42,20.61 1 1
/Users/germanfilipp/Projects/go/src/github.com/germanfilipp/transportation/controllers/transportation/transportation.go:23.42,23.61 1 1
/Users/germanfilipp/Projects/go/src/github.com/germanfilipp/transportation/controllers/transportation/transportation.go:26.47,26.65 1 1
/Users/germanfilipp/Projects/go/src/github.com/germanfilipp/transportation/controllers/transportation/transportation.go:29.53,30.15 1 1
/Users/germanfilipp/Projects/go/src/github.com/germanfilipp/transportation/controllers/transportation/transportation.go:36.2,39.20 4 1
/Users/germanfilipp/Projects/go/src/github.com/germanfilipp/transportation/controllers/transportation/transportation.go:30.15,31.31 1 1
/Users/germanfilipp/Projects/go/src/github.com/germanfilipp/transportation/controllers/transportation/transportation.go:31.31,33.4 1 0
/Users/germanfilipp/Projects/go/src/github.com/germanfilipp/transportation/controllers/transportation/transportation.go:39.20,42.3 2 1
/Users/germanfilipp/Projects/go/src/github.com/germanfilipp/transportation/controllers/transportation/transportation.go:42.8,44.20 2 1
/Users/germanfilipp/Projects/go/src/github.com/germanfilipp/transportation/controllers/transportation/transportation.go:44.20,49.4 4 1
/Users/germanfilipp/Projects/go/src/github.com/germanfilipp/transportation/controllers/transportation/transportation.go:49.9,53.4 3 1
/Users/germanfilipp/Projects/go/src/github.com/germanfilipp/transportation/controllers/transportation/transportation.go:57.36,66.2 8 1
/Users/germanfilipp/Projects/go/src/github.com/germanfilipp/transportation/validations/problem/problem.go:22.55,25.30 3 1
/Users/germanfilipp/Projects/go/src/github.com/germanfilipp/transportation/validations/problem/problem.go:28.2,29.30 2 1
/Users/germanfilipp/Projects/go/src/github.com/germanfilipp/transportation/validations/problem/problem.go:32.2,32.19 1 1
/Users/germanfilipp/Projects/go/src/github.com/germanfilipp/transportation/validations/problem/problem.go:25.30,27.3 1 1
/Users/germanfilipp/Projects/go/src/github.com/germanfilipp/transportation/validations/problem/problem.go:29.30,31.3 1 1
/Users/germanfilipp/Projects/go/src/github.com/germanfilipp/transportation/validations/problem/problem.go:36.40,38.16 2 1
/Users/germanfilipp/Projects/go/src/github.com/germanfilipp/transportation/validations/problem/problem.go:41.2,41.13 1 1
/Users/germanfilipp/Projects/go/src/github.com/germanfilipp/transportation/validations/problem/problem.go:38.16,40.3 1 0
/Users/germanfilipp/Projects/go/src/github.com/germanfilipp/transportation/validations/problem/problem.go:44.53,46.11 2 1
/Users/germanfilipp/Projects/go/src/github.com/germanfilipp/transportation/validations/problem/problem.go:47.31,48.33 1 1
/Users/germanfilipp/Projects/go/src/github.com/germanfilipp/transportation/validations/problem/problem.go:49.31,50.33 1 1
/Users/germanfilipp/Projects/go/src/github.com/germanfilipp/transportation/validations/problem/problem.go:51.30,52.32 1 1
/Users/germanfilipp/Projects/go/src/github.com/germanfilipp/transportation/validations/problem/problem.go:56.53,57.55 1 1
/Users/germanfilipp/Projects/go/src/github.com/germanfilipp/transportation/validations/problem/problem.go:60.2,60.41 1 1
/Users/germanfilipp/Projects/go/src/github.com/germanfilipp/transportation/validations/problem/problem.go:57.55,59.3 1 1
/Users/germanfilipp/Projects/go/src/github.com/germanfilipp/transportation/validations/problem/problem.go:60.41,61.43 1 1
/Users/germanfilipp/Projects/go/src/github.com/germanfilipp/transportation/validations/problem/problem.go:61.43,63.4 1 1
