mode: set
/Users/germanfilipp/Projects/go/src/github.com/germanfilipp/transportation/validations/problem/problem.go:21.55,24.30 3 1
/Users/germanfilipp/Projects/go/src/github.com/germanfilipp/transportation/validations/problem/problem.go:27.2,28.30 2 1
/Users/germanfilipp/Projects/go/src/github.com/germanfilipp/transportation/validations/problem/problem.go:31.2,31.19 1 1
/Users/germanfilipp/Projects/go/src/github.com/germanfilipp/transportation/validations/problem/problem.go:24.30,26.3 1 1
/Users/germanfilipp/Projects/go/src/github.com/germanfilipp/transportation/validations/problem/problem.go:28.30,30.3 1 1
/Users/germanfilipp/Projects/go/src/github.com/germanfilipp/transportation/validations/problem/problem.go:35.40,37.16 2 1
/Users/germanfilipp/Projects/go/src/github.com/germanfilipp/transportation/validations/problem/problem.go:40.2,40.13 1 1
/Users/germanfilipp/Projects/go/src/github.com/germanfilipp/transportation/validations/problem/problem.go:37.16,39.3 1 0
/Users/germanfilipp/Projects/go/src/github.com/germanfilipp/transportation/validations/problem/problem.go:43.53,45.11 2 1
/Users/germanfilipp/Projects/go/src/github.com/germanfilipp/transportation/validations/problem/problem.go:46.31,47.33 1 1
/Users/germanfilipp/Projects/go/src/github.com/germanfilipp/transportation/validations/problem/problem.go:48.31,49.33 1 1
/Users/germanfilipp/Projects/go/src/github.com/germanfilipp/transportation/validations/problem/problem.go:50.30,51.32 1 1
/Users/germanfilipp/Projects/go/src/github.com/germanfilipp/transportation/validations/problem/problem.go:55.53,56.55 1 1
/Users/germanfilipp/Projects/go/src/github.com/germanfilipp/transportation/validations/problem/problem.go:59.2,59.41 1 1
/Users/germanfilipp/Projects/go/src/github.com/germanfilipp/transportation/validations/problem/problem.go:56.55,58.3 1 1
/Users/germanfilipp/Projects/go/src/github.com/germanfilipp/transportation/validations/problem/problem.go:59.41,60.43 1 1
/Users/germanfilipp/Projects/go/src/github.com/germanfilipp/transportation/validations/problem/problem.go:60.43,62.4 1 1
